<?xml version="1.0" encoding="UTF-8"?>
<!-- Generated by org.testng.reporters.JUnitReportReporter -->
<testsuite skipped="0" hostname="DESKTOP-BG9CH1S" name="org.test3.mainclass" tests="1" failures="0" timestamp="21 Dec 2020 06:19:35 GMT" time="15.144" errors="0">
  <testcase name="tc2" time="15.144" classname="org.test3.mainclass"/>
</testsuite> <!-- org.test3.mainclass -->
